SF:lib/core/themes/app_theme.dart
DA:33,129
DA:36,126
DA:47,42
DA:49,84
DA:54,42
DA:55,84
DA:98,114
DA:109,38
DA:111,76
DA:116,38
DA:117,76
LF:11
LH:11
end_of_record
SF:lib/presentation/widgets/common/feedback/interaction_feedback.dart
DA:8,1
DA:9,1
DA:13,1
DA:14,1
DA:18,1
DA:19,1
DA:23,4
DA:24,4
DA:28,1
DA:29,1
LF:10
LH:10
end_of_record
SF:lib/presentation/widgets/overlays/heart_overlay.dart
DA:18,3
DA:26,2
DA:27,2
DA:36,2
DA:38,2
DA:39,4
DA:44,6
DA:45,2
DA:46,2
DA:47,4
DA:50,2
DA:51,2
DA:52,4
DA:55,4
DA:57,6
DA:58,2
DA:59,2
DA:62,2
DA:63,2
DA:66,2
DA:67,2
DA:70,4
DA:72,6
DA:73,2
DA:74,4
DA:75,4
DA:78,2
DA:79,4
DA:80,4
DA:83,4
DA:86,1
DA:88,1
DA:89,3
DA:90,2
DA:94,2
DA:96,4
DA:97,2
DA:100,2
DA:102,4
DA:104,2
DA:105,6
DA:106,6
DA:107,2
DA:108,2
DA:109,2
DA:110,2
DA:111,6
DA:112,2
DA:113,4
DA:114,2
DA:115,4
DA:116,2
DA:118,4
DA:119,4
LF:54
LH:54
end_of_record
SF:lib/presentation/widgets/recipe/grid/recipe_grid_card.dart
DA:11,36
DA:28,36
DA:29,36
DA:36,0
DA:37,0
DA:38,0
DA:39,0
DA:40,0
DA:43,0
DA:44,0
DA:46,0
DA:47,0
DA:48,0
DA:54,36
DA:55,144
DA:56,292
DA:57,108
DA:58,36
DA:59,108
DA:60,36
DA:61,180
DA:62,55
DA:63,11
DA:66,36
DA:68,36
DA:69,72
DA:70,36
DA:71,36
DA:72,36
DA:73,36
DA:76,36
DA:78,36
DA:80,36
DA:81,108
DA:82,19
DA:83,57
DA:85,12
DA:104,36
DA:105,36
DA:106,36
DA:109,36
DA:110,36
DA:116,36
DA:118,36
DA:119,36
DA:120,108
DA:130,36
DA:131,36
DA:132,36
DA:133,36
DA:147,171
DA:148,13
DA:159,162
DA:160,11
DA:171,36
DA:172,0
DA:173,0
DA:174,0
LF:58
LH:45
end_of_record
SF:lib/core/mixins/safe_async_mixin.dart
DA:10,92
DA:14,7
DA:15,7
DA:16,6
DA:21,7
DA:24,7
DA:25,2
DA:31,5
DA:32,15
DA:35,3
DA:42,2
DA:45,1
DA:46,1
DA:49,1
DA:50,3
DA:52,1
DA:53,3
DA:55,1
DA:56,3
DA:58,1
DA:59,3
DA:65,47
DA:66,47
DA:70,1
DA:71,1
DA:72,1
LF:26
LH:26
end_of_record
SF:lib/presentation/widgets/navigation/bottom_nav_bar.dart
DA:6,28
DA:11,26
DA:13,26
DA:14,26
DA:15,52
DA:16,52
DA:27,26
DA:28,4
DA:29,8
LF:9
LH:9
end_of_record
SF:lib/presentation/widgets/navigation/nav_rail.dart
DA:9,28
DA:14,17
DA:16,17
DA:18,17
DA:20,34
DA:21,51
DA:22,17
DA:24,17
DA:27,34
DA:40,17
DA:41,3
DA:42,3
DA:43,6
LF:13
LH:13
end_of_record
SF:lib/core/utils/responsive_helper.dart
DA:9,60
DA:10,240
DA:11,120
DA:12,60
DA:13,60
DA:16,60
DA:17,114
DA:29,21
DA:32,69
DA:35,63
DA:38,72
DA:41,33
DA:42,99
DA:43,66
DA:45,33
DA:46,33
DA:47,31
DA:48,17
DA:54,18
DA:55,18
DA:56,17
DA:61,20
DA:62,20
DA:65,20
DA:68,7
LF:25
LH:25
end_of_record
SF:lib/presentation/widgets/recipe/list/recipe_list_item.dart
DA:8,46
DA:21,46
DA:22,138
DA:23,298
DA:24,92
DA:25,46
DA:26,138
DA:27,46
DA:28,184
DA:29,44
DA:30,11
DA:33,46
DA:35,46
DA:39,46
DA:40,46
DA:45,46
DA:47,46
DA:48,92
DA:49,22
DA:50,22
DA:51,44
DA:55,16
DA:68,46
DA:69,92
DA:70,138
DA:74,46
DA:75,46
DA:76,138
LF:28
LH:28
end_of_record
SF:lib/core/errors/failure.dart
DA:9,309
DA:14,1
DA:15,3
DA:22,307
DA:25,9
DA:29,1
DA:30,3
DA:35,106
DA:37,6
DA:44,102
DA:47,4
DA:49,1
DA:50,3
DA:55,6
DA:57,6
LF:15
LH:15
end_of_record
SF:lib/data/datasources/local_datasource.dart
DA:7,125
DA:8,2
DA:23,0
DA:34,13
DA:37,7
DA:39,7
DA:40,7
DA:44,7
DA:45,7
DA:49,7
DA:51,7
DA:52,7
DA:56,7
DA:57,7
DA:61,2
DA:63,2
DA:64,2
DA:65,0
DA:69,2
DA:70,2
DA:71,4
DA:72,2
DA:73,2
DA:78,1
DA:80,1
DA:81,1
DA:82,0
DA:86,1
DA:87,1
DA:88,2
DA:89,1
DA:94,2
DA:96,2
DA:97,2
DA:98,0
DA:102,2
DA:103,2
DA:104,4
DA:105,2
DA:106,2
DA:111,1
DA:113,1
DA:114,1
DA:115,0
DA:119,1
DA:120,1
DA:121,2
DA:122,1
DA:127,12
DA:129,24
DA:131,11
DA:132,11
DA:135,2
DA:137,4
DA:139,0
DA:142,2
DA:143,2
DA:146,10
DA:147,6
DA:148,0
DA:151,6
DA:154,0
DA:156,0
DA:161,12
DA:163,24
DA:165,11
DA:166,11
DA:169,2
DA:171,4
DA:173,0
DA:176,2
DA:177,2
DA:180,10
DA:181,6
DA:182,0
DA:185,6
DA:188,0
DA:190,0
DA:195,2
DA:197,8
DA:198,6
DA:199,2
DA:200,4
DA:201,4
DA:205,2
DA:207,8
DA:208,6
DA:209,2
DA:210,4
DA:211,4
DA:215,8
DA:218,8
DA:219,24
DA:222,16
DA:223,8
DA:225,8
DA:228,16
DA:229,16
DA:232,8
DA:234,16
DA:235,8
DA:236,8
DA:240,8
DA:241,16
DA:243,0
DA:247,0
DA:252,16
DA:254,0
DA:256,0
DA:260,24
DA:263,8
DA:265,0
DA:270,13
DA:273,13
DA:275,13
DA:276,13
DA:281,26
DA:283,24
DA:287,0
DA:288,0
DA:296,4
DA:298,2
DA:303,0
DA:305,0
DA:306,0
DA:308,0
DA:309,0
DA:310,0
DA:315,0
DA:316,0
DA:322,6
DA:323,4
DA:326,2
DA:329,4
DA:330,2
DA:332,2
DA:333,2
DA:336,4
DA:337,4
DA:341,0
DA:342,0
DA:344,8
DA:346,6
DA:349,2
DA:351,2
DA:352,2
DA:356,2
DA:358,1
DA:363,0
DA:369,2
DA:370,2
DA:371,2
DA:373,4
DA:374,4
DA:378,2
DA:379,4
DA:380,4
DA:381,2
DA:382,4
DA:388,0
DA:389,0
DA:390,0
DA:391,0
DA:395,13
DA:397,26
DA:399,21
DA:400,8
DA:401,16
DA:403,16
DA:411,13
DA:413,13
DA:414,26
DA:415,39
DA:417,17
DA:418,6
DA:421,2
DA:422,4
DA:423,0
DA:428,2
DA:429,2
DA:431,2
DA:437,4
DA:439,2
DA:444,0
DA:446,0
DA:447,0
DA:449,0
DA:451,0
DA:452,0
DA:458,2
DA:459,4
DA:460,8
DA:461,2
DA:465,0
DA:466,0
DA:469,0
DA:471,0
DA:472,0
DA:475,0
DA:476,0
DA:480,13
DA:482,0
DA:488,13
DA:490,13
DA:491,13
DA:492,26
DA:494,13
DA:495,2
DA:498,2
DA:499,4
DA:501,4
DA:502,4
DA:505,2
DA:506,4
DA:509,2
DA:510,2
DA:512,2
DA:516,4
DA:520,2
DA:525,0
DA:527,0
DA:528,0
DA:530,0
DA:532,0
DA:538,4
DA:541,0
DA:543,0
DA:544,0
DA:547,0
DA:549,0
DA:554,2
DA:555,0
DA:560,10
DA:563,4
DA:565,6
DA:566,4
DA:568,2
DA:569,4
DA:571,2
DA:572,2
DA:576,3
DA:581,12
DA:584,16
DA:587,8
DA:589,4
DA:598,11
DA:599,11
DA:604,11
DA:605,24
DA:607,33
DA:608,0
DA:609,0
DA:614,11
DA:615,24
DA:617,33
DA:618,0
DA:619,0
DA:624,0
DA:626,11
DA:631,0
DA:637,11
DA:639,11
DA:640,11
DA:641,11
DA:642,11
DA:643,11
DA:645,0
DA:649,0
DA:650,0
DA:652,0
DA:658,8
DA:659,22
DA:661,12
DA:662,6
DA:663,2
DA:664,2
DA:665,2
DA:666,12
DA:672,3
DA:674,3
DA:676,0
DA:681,3
DA:683,6
DA:684,6
DA:685,3
DA:686,3
DA:688,9
DA:689,6
DA:692,3
DA:696,4
DA:699,4
DA:700,4
DA:701,0
DA:705,4
DA:706,4
DA:713,8
DA:715,0
DA:716,0
DA:722,8
DA:724,0
DA:725,0
DA:726,0
DA:731,12
DA:732,8
DA:734,4
DA:737,4
DA:740,8
DA:741,8
DA:744,8
DA:747,0
DA:749,0
DA:750,0
DA:757,0
LF:313
LH:231
end_of_record
SF:lib/data/datasources/remote_datasource.dart
DA:8,52
DA:9,26
DA:10,26
DA:17,14
DA:20,12
DA:22,24
DA:24,12
DA:27,7
DA:29,3
DA:33,7
DA:34,21
DA:35,7
DA:36,12
DA:38,7
DA:49,3
DA:52,3
DA:53,6
DA:54,2
DA:55,1
DA:56,1
DA:60,6
DA:62,6
DA:64,3
DA:67,3
DA:68,3
DA:69,2
DA:75,3
DA:76,3
DA:78,2
DA:79,1
DA:80,1
DA:84,1
DA:85,3
DA:87,1
DA:88,3
DA:91,0
DA:92,0
DA:93,0
LF:38
LH:35
end_of_record
SF:lib/services/api_service.dart
DA:6,52
DA:7,26
DA:11,22
DA:15,39
DA:19,33
DA:33,15
DA:36,13
DA:38,26
DA:39,26
DA:40,39
DA:41,13
DA:42,7
DA:43,6
DA:44,2
DA:46,12
DA:55,2
DA:56,8
DA:58,2
DA:59,2
DA:60,2
DA:61,2
DA:63,2
DA:65,2
DA:66,4
DA:67,4
DA:68,2
DA:69,2
DA:73,2
DA:74,0
DA:75,0
DA:76,0
LF:31
LH:28
end_of_record
SF:lib/data/models/recipe_model.dart
DA:10,15
DA:24,8
DA:25,8
DA:26,8
DA:27,8
DA:28,8
DA:29,8
DA:30,40
DA:31,8
DA:32,8
DA:36,15
DA:39,15
DA:40,15
DA:43,2
DA:47,16
DA:48,15
DA:49,1
DA:53,1
DA:57,16
DA:58,15
DA:59,1
DA:63,15
DA:64,30
DA:65,30
DA:66,30
DA:70,27
DA:71,18
DA:72,18
DA:73,18
DA:80,15
DA:83,45
DA:84,37
DA:90,15
DA:92,4
DA:93,4
DA:101,28
DA:102,14
DA:103,14
DA:104,14
DA:105,14
DA:106,14
DA:107,32
DA:108,14
DA:109,14
DA:110,14
DA:117,11
DA:124,9
DA:125,9
DA:127,0
DA:130,18
DA:131,9
DA:132,9
LF:52
LH:51
end_of_record
SF:lib/data/models/recipe_model.g.dart
DA:9,30
DA:10,15
DA:11,15
DA:12,15
DA:13,15
DA:14,15
DA:15,33
DA:16,15
DA:17,15
DA:18,15
DA:21,0
DA:22,0
DA:23,0
DA:24,0
DA:25,0
DA:26,0
DA:27,0
DA:28,0
DA:29,0
DA:33,0
DA:34,0
DA:35,0
DA:36,0
DA:39,9
DA:41,9
DA:42,9
DA:43,9
DA:46,8
DA:48,8
DA:49,8
DA:50,8
LF:31
LH:18
end_of_record
SF:lib/data/repositories/recipe_repository_impl.dart
DA:12,55
DA:13,26
DA:14,26
DA:16,11
DA:18,11
DA:28,13
DA:34,13
DA:36,26
DA:39,2
DA:43,13
DA:47,13
DA:50,26
DA:52,8
DA:53,26
DA:57,14
DA:59,28
DA:64,8
DA:65,16
DA:66,24
DA:67,24
DA:69,24
DA:76,8
DA:77,13
DA:78,12
DA:79,2
DA:80,2
DA:91,3
DA:95,3
DA:96,6
DA:97,6
DA:100,0
DA:101,0
DA:103,6
DA:104,6
DA:108,3
DA:120,3
DA:124,3
DA:125,6
DA:126,6
DA:129,4
DA:130,4
DA:132,4
DA:133,4
DA:137,3
DA:149,13
DA:152,26
DA:153,13
DA:154,13
DA:165,12
DA:168,24
DA:169,12
DA:170,12
DA:182,4
DA:185,12
DA:186,0
DA:187,0
DA:188,0
DA:193,4
DA:196,8
DA:197,8
DA:198,8
DA:201,8
DA:203,4
DA:204,2
DA:205,2
DA:206,6
DA:215,4
DA:216,4
DA:220,6
DA:222,2
DA:223,6
DA:230,0
DA:236,0
DA:238,0
DA:240,0
DA:243,0
DA:247,0
DA:249,0
DA:250,0
DA:256,0
DA:257,0
DA:258,0
DA:259,0
DA:267,13
DA:268,24
DA:270,12
DA:273,4
DA:274,4
DA:278,8
DA:280,8
DA:281,8
DA:282,8
DA:286,8
DA:287,16
DA:291,4
DA:294,2
DA:298,4
DA:299,12
DA:303,6
DA:306,2
DA:307,4
DA:309,2
DA:310,2
DA:311,8
DA:314,2
DA:317,4
DA:319,4
DA:320,2
DA:322,2
DA:323,0
DA:324,0
DA:325,0
DA:328,0
DA:330,0
DA:331,0
DA:338,0
DA:342,0
DA:349,4
DA:352,12
DA:353,0
DA:354,0
DA:359,2
DA:360,4
DA:362,4
DA:366,4
DA:367,4
DA:368,4
DA:371,6
DA:373,2
DA:374,6
DA:381,0
DA:383,0
DA:384,0
DA:386,0
DA:387,0
DA:389,0
DA:392,0
DA:400,0
DA:401,0
DA:402,0
DA:406,10
LF:141
LH:104
end_of_record
SF:lib/domain/usecases/bookmark_recipe.dart
DA:10,138
DA:11,24
DA:12,12
DA:19,10
DA:26,13
DA:29,2
DA:30,6
DA:34,13
DA:35,26
LF:9
LH:9
end_of_record
SF:lib/domain/usecases/favorite_recipe.dart
DA:10,138
DA:11,24
DA:12,12
DA:19,12
DA:26,13
DA:29,2
DA:30,6
DA:34,13
DA:35,26
LF:9
LH:9
end_of_record
SF:lib/domain/usecases/get_all_recipes.dart
DA:10,146
DA:11,28
DA:12,12
DA:19,115
DA:26,13
DA:29,13
DA:30,39
LF:7
LH:7
end_of_record
SF:lib/presentation/viewmodels/dashboard_viewmodel.dart
DA:39,57
DA:50,41
DA:59,41
DA:60,41
DA:61,41
DA:62,41
DA:63,41
DA:64,41
DA:66,41
DA:71,39
DA:72,273
DA:76,35
DA:77,245
DA:89,42
DA:94,84
DA:96,42
DA:97,42
DA:100,42
DA:104,42
DA:109,2
DA:115,2
DA:119,42
DA:120,153
DA:122,27
DA:123,0
DA:128,27
DA:129,16
DA:130,0
DA:133,0
DA:136,0
DA:138,0
DA:147,0
DA:148,0
DA:149,0
DA:158,81
DA:159,14
DA:161,81
DA:162,38
DA:164,81
DA:165,26
DA:169,14
DA:170,28
DA:173,21
DA:174,14
DA:175,7
DA:181,18
DA:182,36
DA:185,9
DA:186,9
DA:192,14
DA:193,28
DA:196,7
DA:197,7
DA:204,54
DA:205,44
DA:206,0
DA:208,0
DA:210,0
DA:211,0
DA:220,36
DA:222,36
DA:223,0
DA:229,108
DA:230,36
DA:231,24
DA:232,2
DA:235,8
DA:237,4
DA:238,6
DA:247,2
DA:250,2
DA:252,2
DA:255,2
DA:256,4
DA:257,6
DA:266,72
DA:267,108
DA:271,36
DA:274,36
DA:275,24
DA:280,68
DA:281,102
DA:285,34
DA:288,34
DA:291,0
DA:292,0
DA:293,0
DA:294,0
DA:296,0
DA:304,36
DA:306,36
DA:307,0
DA:313,36
DA:316,36
DA:317,10
DA:318,15
DA:320,5
DA:326,36
DA:327,36
DA:329,72
DA:330,1
DA:331,0
DA:338,0
DA:344,34
DA:346,34
DA:347,0
DA:353,133
DA:356,74
DA:359,56
DA:360,14
DA:361,12
DA:362,18
DA:364,6
DA:369,6
DA:372,27
DA:373,12
DA:374,18
DA:382,2
DA:383,3
DA:384,2
DA:385,3
DA:386,1
DA:393,48
DA:394,120
DA:399,34
DA:400,34
DA:403,34
DA:406,68
DA:407,102
DA:413,6
DA:416,3
DA:417,0
DA:419,0
DA:426,9
DA:428,9
DA:429,0
DA:433,9
DA:437,38
DA:439,38
DA:440,0
DA:445,38
DA:451,76
DA:452,38
DA:453,76
DA:456,38
DA:457,0
DA:461,76
DA:464,36
DA:465,2
DA:468,36
DA:469,2
DA:470,2
DA:472,3
DA:473,2
DA:474,3
DA:475,2
DA:476,1
DA:477,3
DA:482,4
DA:484,36
DA:485,114
DA:488,108
DA:491,57
DA:492,105
DA:493,7
DA:498,72
DA:499,108
DA:506,108
DA:507,108
DA:509,54
DA:510,0
DA:516,4
DA:517,8
DA:518,12
DA:521,6
DA:522,4
DA:523,4
DA:524,8
DA:531,0
DA:534,0
DA:535,0
DA:536,0
DA:543,38
DA:545,38
DA:546,4
DA:551,114
DA:552,38
DA:553,24
DA:558,8
DA:562,76
DA:568,76
DA:569,38
DA:570,76
DA:573,38
DA:574,0
DA:578,76
DA:581,36
DA:582,1
DA:585,36
DA:586,3
DA:587,3
DA:589,6
DA:590,4
DA:591,6
DA:592,4
DA:593,2
DA:594,4
DA:599,6
DA:601,36
DA:602,112
DA:605,108
DA:608,56
DA:609,100
DA:610,8
DA:615,72
DA:616,108
DA:623,108
DA:624,108
DA:626,54
DA:627,0
DA:633,5
DA:634,10
DA:635,15
DA:638,8
DA:639,4
DA:640,4
DA:641,8
DA:648,0
DA:651,0
DA:652,0
DA:653,0
DA:660,36
DA:662,36
DA:663,33
DA:666,5
DA:667,10
DA:668,10
DA:669,5
DA:671,15
DA:675,8
DA:677,36
DA:682,10
DA:684,10
DA:685,0
DA:690,10
DA:693,8
DA:694,2
DA:699,18
DA:700,6
DA:701,6
DA:702,6
DA:703,6
DA:704,22
DA:705,5
DA:706,5
DA:707,6
DA:708,6
DA:709,6
DA:710,6
DA:713,6
DA:714,0
DA:718,6
DA:719,6
DA:722,6
DA:723,18
DA:726,2
DA:727,0
DA:733,36
DA:735,36
DA:736,33
DA:739,1
DA:740,3
DA:743,6
DA:749,36
DA:751,36
DA:752,33
DA:755,1
DA:756,3
DA:759,6
DA:765,1
DA:767,1
DA:768,0
DA:773,1
DA:776,1
DA:777,1
DA:781,0
DA:784,0
DA:785,0
DA:789,0
DA:791,0
DA:792,0
DA:798,1
DA:800,1
DA:801,0
DA:806,1
DA:809,1
DA:810,1
DA:814,0
DA:817,0
DA:818,0
DA:822,0
DA:824,0
DA:825,0
DA:831,31
DA:832,62
DA:834,24
DA:835,72
DA:836,24
DA:840,36
DA:841,214
DA:844,72
DA:845,72
DA:846,36
DA:849,72
DA:850,74
DA:851,36
DA:854,180
DA:855,180
DA:857,1
DA:859,5
DA:860,4
DA:861,1
DA:864,3
DA:870,1
DA:871,1
DA:876,42
DA:878,84
DA:884,84
DA:885,168
DA:890,42
DA:893,3
DA:896,1
DA:899,0
DA:904,126
DA:909,41
DA:910,41
DA:911,8
DA:917,41
DA:922,0
DA:923,0
DA:927,0
DA:934,42
DA:936,84
DA:939,42
DA:942,42
DA:945,42
DA:950,0
DA:953,0
DA:955,0
DA:960,82
DA:961,65
DA:962,24
DA:963,48
DA:964,48
DA:965,48
DA:971,4
DA:972,2
DA:973,1
DA:977,0
DA:978,0
DA:979,0
LF:361
LH:296
end_of_record
SF:lib/presentation/viewmodels/recipe_viewmodel.dart
DA:19,174
DA:29,39
DA:38,39
DA:39,39
DA:40,39
DA:41,39
DA:42,39
DA:43,39
DA:45,39
DA:50,3
DA:51,6
DA:52,2
DA:53,4
DA:54,10
DA:55,2
DA:59,3
DA:60,21
DA:64,3
DA:65,21
DA:75,47
DA:79,47
DA:81,47
DA:86,44
DA:87,44
DA:90,44
DA:91,44
DA:94,44
DA:95,44
DA:97,44
DA:98,44
DA:100,44
DA:104,29
DA:105,58
DA:107,87
DA:112,58
DA:114,29
DA:115,48
DA:116,12
DA:119,72
DA:127,36
DA:129,24
DA:130,36
DA:133,12
DA:134,0
DA:135,0
DA:138,46
DA:146,39
DA:147,39
DA:148,78
DA:149,39
DA:150,1
DA:151,3
DA:152,4
DA:154,39
DA:155,112
DA:156,117
DA:157,117
DA:163,39
DA:164,39
DA:165,78
DA:166,39
DA:167,1
DA:168,3
DA:169,4
DA:171,39
DA:172,112
DA:173,117
DA:174,117
DA:180,12
DA:181,36
DA:182,36
DA:186,12
DA:190,9
DA:191,39
DA:192,27
DA:201,47
DA:203,47
DA:204,47
DA:208,7
DA:209,7
DA:210,21
DA:212,0
DA:217,6
DA:219,6
DA:221,12
DA:222,18
DA:223,6
DA:225,12
DA:226,24
DA:229,6
DA:231,1
DA:234,12
DA:238,12
DA:239,24
DA:240,12
DA:246,24
DA:247,12
DA:248,12
DA:251,6
DA:254,18
DA:262,6
DA:263,0
DA:267,18
DA:269,6
DA:270,2
DA:271,6
DA:273,2
DA:274,0
DA:279,6
DA:281,2
DA:283,1
DA:285,2
DA:288,4
DA:289,4
DA:290,0
DA:296,8
DA:297,4
DA:298,4
DA:301,2
DA:303,6
DA:307,2
DA:310,6
DA:311,12
DA:312,24
DA:318,4
DA:320,4
DA:322,8
DA:323,12
DA:324,4
DA:326,8
DA:327,16
DA:330,4
DA:332,0
DA:335,8
DA:338,8
DA:339,16
DA:340,8
DA:346,16
DA:347,8
DA:348,8
DA:351,4
DA:354,12
DA:362,4
DA:363,0
DA:367,12
DA:369,4
DA:370,2
DA:371,6
DA:373,2
DA:374,0
DA:379,6
DA:381,2
DA:383,0
DA:385,2
DA:388,4
DA:389,4
DA:390,0
DA:396,8
DA:397,4
DA:398,4
DA:401,2
DA:403,6
DA:407,2
DA:410,4
DA:411,8
DA:412,16
DA:418,10
DA:421,10
DA:425,108
DA:426,80
DA:427,24
DA:428,52
DA:429,48
DA:430,48
DA:435,4
DA:436,2
DA:437,1
DA:441,4
DA:442,2
DA:443,1
DA:447,4
DA:448,2
DA:449,1
LF:183
LH:172
end_of_record
SF:lib/presentation/viewmodels/navigation_viewmodel.dart
DA:11,105
DA:15,6
DA:18,6
DA:19,0
DA:26,12
DA:28,6
DA:29,18
DA:34,27
DA:35,6
DA:40,139
DA:45,40
DA:51,40
DA:60,26
DA:65,26
LF:14
LH:13
end_of_record
SF:lib/presentation/views/dashboard/components/dashboard_panel.dart
DA:11,0
DA:15,97
DA:24,31
DA:25,31
DA:29,31
DA:33,31
DA:34,44
DA:35,13
DA:36,13
DA:37,26
DA:38,0
DA:40,0
DA:41,0
DA:42,0
DA:46,0
DA:53,28
DA:54,41
DA:55,1
DA:57,2
DA:58,1
DA:59,2
DA:63,5
LF:22
LH:16
end_of_record
SF:lib/presentation/views/recipe/components/recipe_panel.dart
DA:11,69
DA:15,100
DA:24,22
DA:25,22
DA:29,22
DA:38,22
DA:39,33
DA:40,11
DA:41,11
DA:42,22
DA:43,2
DA:45,4
DA:46,2
DA:47,4
DA:51,10
DA:57,20
DA:58,11
DA:59,20
DA:60,7
DA:62,14
DA:63,7
DA:64,14
DA:68,35
LF:23
LH:23
end_of_record
SF:lib/presentation/views/dashboard/components/bookmarks/bookmark_grid_view.dart
DA:11,3
DA:24,3
DA:26,3
DA:27,6
DA:28,0
DA:29,3
DA:30,3
DA:31,6
DA:33,3
DA:34,3
DA:39,6
DA:40,3
DA:41,6
DA:42,3
DA:44,0
DA:45,0
DA:46,0
DA:49,0
DA:57,0
DA:58,0
DA:59,0
DA:61,0
DA:68,0
DA:70,0
DA:74,0
DA:76,0
LF:26
LH:13
end_of_record
SF:lib/presentation/views/dashboard/components/bookmarks/bookmark_list_view.dart
DA:11,23
DA:24,23
DA:26,23
DA:27,23
DA:28,23
DA:29,23
DA:31,46
DA:32,0
DA:33,23
DA:34,23
DA:36,23
DA:37,69
DA:38,23
DA:39,23
DA:40,46
DA:42,46
DA:43,8
DA:44,23
DA:45,46
DA:46,23
DA:47,23
DA:48,23
DA:49,69
DA:50,23
DA:51,46
DA:53,23
DA:57,23
DA:59,23
DA:60,0
DA:61,0
DA:64,23
DA:77,23
DA:79,0
DA:80,0
DA:81,0
DA:99,0
DA:100,0
DA:101,0
DA:103,0
DA:110,0
DA:112,0
DA:116,0
DA:118,0
LF:43
LH:29
end_of_record
SF:lib/presentation/views/dashboard/components/bookmarks/bookmarks_view.dart
DA:11,38
DA:18,33
DA:19,33
DA:26,33
DA:28,66
DA:29,33
DA:32,33
DA:35,99
DA:36,33
DA:37,66
DA:39,33
DA:40,33
DA:43,33
DA:45,33
DA:46,66
DA:47,3
DA:48,6
DA:49,6
DA:57,22
DA:58,22
DA:60,22
DA:63,22
DA:65,66
DA:70,33
DA:71,20
DA:72,23
DA:73,3
DA:75,6
DA:77,3
DA:79,23
DA:81,46
DA:83,23
DA:88,20
DA:89,20
DA:90,20
DA:92,20
DA:99,20
DA:101,80
DA:105,20
DA:107,80
LF:40
LH:40
end_of_record
SF:lib/presentation/views/recipe/components/recipe_detail_panel.dart
DA:10,9
DA:17,8
DA:19,24
DA:22,16
DA:26,8
DA:27,16
DA:28,40
DA:29,8
DA:41,8
DA:42,8
DA:45,16
DA:46,8
DA:48,8
DA:49,8
DA:50,8
DA:51,8
DA:53,8
DA:54,3
DA:58,8
DA:59,8
DA:60,8
DA:61,8
DA:63,8
DA:64,3
DA:68,8
DA:69,8
DA:71,8
DA:73,8
DA:75,8
DA:76,7
DA:77,7
DA:78,7
DA:79,7
DA:80,7
DA:82,7
DA:84,7
DA:85,7
DA:96,7
DA:97,7
DA:99,7
DA:101,3
DA:102,3
DA:103,3
DA:104,6
DA:105,3
DA:110,6
DA:111,3
DA:112,3
DA:113,3
DA:115,3
DA:142,8
DA:145,16
DA:147,8
DA:150,16
DA:151,8
DA:153,24
DA:156,8
DA:157,8
DA:158,24
DA:163,8
LF:60
LH:60
end_of_record
SF:lib/presentation/views/dashboard/components/dashboard_split_view.dart
DA:9,32
DA:16,31
DA:17,31
DA:24,31
DA:26,62
DA:27,62
DA:28,31
DA:31,31
DA:33,31
DA:34,31
DA:36,31
DA:41,31
DA:42,31
DA:44,31
DA:46,31
DA:47,62
DA:55,31
DA:57,31
DA:58,62
LF:19
LH:19
end_of_record
SF:lib/presentation/views/dashboard/components/dashboard_tab_layout.dart
DA:9,27
DA:16,14
DA:17,14
DA:23,14
DA:25,14
DA:26,28
DA:29,14
DA:31,28
DA:32,14
DA:35,14
DA:37,14
DA:38,14
DA:41,14
DA:42,14
DA:55,14
DA:56,14
DA:57,14
DA:59,14
DA:60,28
DA:64,14
DA:65,28
LF:21
LH:21
end_of_record
SF:lib/presentation/views/dashboard/components/favorites/favorites_view.dart
DA:11,38
DA:18,36
DA:19,36
DA:26,36
DA:28,72
DA:29,36
DA:32,36
DA:35,108
DA:36,36
DA:37,72
DA:39,36
DA:40,36
DA:43,36
DA:45,36
DA:46,72
DA:47,3
DA:48,6
DA:49,6
DA:57,24
DA:58,24
DA:60,24
DA:63,24
DA:65,72
DA:70,36
DA:71,23
DA:72,23
DA:73,3
DA:75,6
DA:77,3
DA:79,23
DA:81,46
DA:83,23
DA:88,23
DA:89,23
DA:90,23
DA:92,23
DA:99,23
DA:101,92
DA:105,23
DA:107,92
LF:40
LH:40
end_of_record
SF:lib/presentation/views/dashboard/components/favorites/favorite_grid_view.dart
DA:11,7
DA:24,7
DA:26,7
DA:27,14
DA:28,2
DA:29,7
DA:30,7
DA:31,14
DA:33,7
DA:34,7
DA:39,14
DA:40,7
DA:41,14
DA:42,7
DA:44,1
DA:45,1
DA:46,2
DA:49,6
DA:57,2
DA:58,2
DA:59,2
DA:61,2
DA:68,2
DA:70,6
DA:74,2
DA:76,6
LF:26
LH:26
end_of_record
SF:lib/presentation/views/dashboard/components/favorites/favorite_list_view.dart
DA:11,26
DA:24,26
DA:26,26
DA:27,26
DA:28,26
DA:29,26
DA:31,52
DA:32,2
DA:33,26
DA:34,26
DA:36,26
DA:37,78
DA:38,26
DA:39,26
DA:40,52
DA:42,52
DA:43,20
DA:44,26
DA:45,52
DA:46,26
DA:47,26
DA:48,26
DA:49,78
DA:50,26
DA:51,52
DA:53,26
DA:57,26
DA:59,26
DA:60,1
DA:61,5
DA:64,26
DA:77,26
DA:79,2
DA:80,2
DA:81,4
DA:99,2
DA:100,2
DA:101,2
DA:103,2
DA:110,2
DA:112,6
DA:116,2
DA:118,6
LF:43
LH:43
end_of_record
SF:lib/presentation/views/home/components/alphabet_grid.dart
DA:10,100
DA:12,17
DA:14,68
DA:16,17
DA:17,17
DA:21,17
DA:22,17
DA:23,17
DA:24,17
DA:29,17
DA:30,17
DA:31,17
DA:32,17
DA:33,11
DA:35,55
DA:38,55
LF:16
LH:16
end_of_record
SF:lib/presentation/views/home/home_screen.dart
DA:10,17
DA:12,16
DA:14,32
DA:32,106
LF:4
LH:4
end_of_record
SF:lib/presentation/widgets/alphabet/letter_item.dart
DA:9,21
DA:20,21
DA:22,21
DA:25,63
DA:26,23
DA:29,21
DA:31,21
DA:32,14
DA:34,28
DA:36,21
DA:37,21
DA:38,21
DA:39,21
DA:45,21
DA:46,21
DA:47,21
DA:48,21
DA:49,21
DA:50,21
DA:51,1
DA:52,21
DA:56,21
DA:57,21
DA:58,21
DA:59,21
DA:60,42
DA:69,21
DA:70,21
DA:74,21
DA:79,21
DA:81,21
DA:82,21
DA:83,21
DA:84,21
DA:89,21
DA:92,21
LF:36
LH:36
end_of_record
SF:lib/presentation/views/home/components/alphabet_list.dart
DA:9,99
DA:11,6
DA:13,24
DA:15,6
DA:16,6
DA:20,6
DA:21,6
DA:22,6
DA:23,6
DA:24,6
DA:25,6
DA:26,3
DA:28,15
DA:31,15
LF:14
LH:14
end_of_record
SF:lib/presentation/widgets/common/layout/responsive_layout_builder.dart
DA:7,146
DA:18,48
DA:20,48
DA:21,48
DA:25,48
DA:26,76
DA:27,84
DA:28,25
LF:8
LH:8
end_of_record
SF:lib/presentation/views/recipe/recipe_screen.dart
DA:13,107
DA:15,22
DA:16,22
DA:20,22
DA:22,22
DA:25,44
DA:31,22
DA:33,66
DA:36,66
DA:39,22
DA:44,21
DA:45,3
DA:46,3
DA:48,3
DA:51,3
DA:52,3
DA:53,9
DA:62,20
DA:64,20
DA:65,20
DA:67,20
DA:69,20
DA:71,1
DA:72,5
DA:76,20
DA:77,20
DA:79,20
DA:81,20
DA:83,3
DA:84,15
DA:88,20
DA:89,20
DA:90,20
DA:91,20
DA:92,20
DA:96,60
DA:97,20
DA:99,2
DA:100,10
DA:106,20
DA:107,20
DA:109,20
LF:42
LH:42
end_of_record
SF:lib/presentation/views/recipe/components/recipe_ingredients.dart
DA:9,8
DA:16,8
DA:18,8
DA:20,8
DA:22,8
DA:24,24
DA:29,16
DA:30,0
DA:32,0
DA:34,0
DA:36,0
DA:42,8
DA:45,16
DA:46,8
DA:47,8
DA:48,16
DA:49,8
DA:52,8
DA:53,8
DA:54,24
DA:56,8
DA:57,8
DA:59,8
DA:60,8
DA:61,32
DA:62,24
LF:26
LH:22
end_of_record
SF:lib/presentation/views/recipe/components/recipe_grid_view.dart
DA:13,23
DA:26,21
DA:28,42
DA:29,21
DA:31,21
DA:32,42
DA:34,21
DA:45,21
DA:46,21
DA:47,21
DA:48,7
DA:49,7
DA:50,14
DA:51,7
DA:52,7
DA:54,7
DA:61,7
DA:63,2
DA:64,2
DA:65,21
DA:73,21
DA:74,21
DA:75,42
DA:77,21
DA:78,21
DA:83,21
DA:84,21
DA:85,21
DA:86,21
DA:90,0
DA:91,0
DA:92,0
LF:32
LH:29
end_of_record
SF:lib/presentation/views/recipe/components/recipe_list_view.dart
DA:14,23
DA:25,23
DA:27,46
DA:28,23
DA:29,23
DA:31,23
DA:35,23
DA:36,23
DA:38,21
DA:49,23
DA:50,23
DA:51,23
DA:53,23
DA:54,8
DA:55,8
DA:56,16
DA:57,8
DA:58,8
DA:60,8
DA:67,8
DA:69,2
DA:70,2
DA:71,24
DA:79,23
DA:80,23
DA:81,46
DA:83,23
DA:84,21
DA:85,23
DA:86,23
DA:87,23
DA:88,46
DA:90,23
DA:94,23
DA:96,23
DA:97,0
DA:98,0
DA:103,23
DA:105,23
DA:106,23
DA:107,23
DA:115,23
DA:116,0
DA:117,0
DA:122,23
DA:124,23
DA:125,23
DA:126,23
DA:135,23
DA:140,21
LF:50
LH:46
end_of_record
SF:lib/presentation/views/recipe/components/recipe_split_view.dart
DA:14,22
DA:21,21
DA:22,21
DA:29,21
DA:31,42
DA:32,42
DA:33,21
DA:36,21
DA:38,21
DA:39,63
DA:41,21
DA:42,21
DA:44,21
DA:46,21
DA:47,21
DA:48,22
DA:49,63
DA:52,21
DA:54,4
DA:56,20
DA:59,8
DA:60,0
DA:63,20
DA:69,21
DA:70,21
DA:72,21
DA:74,21
DA:75,42
DA:76,21
DA:85,21
DA:86,21
DA:87,42
DA:88,21
LF:33
LH:32
end_of_record
SF:lib/presentation/views/recipe/components/recipe_tab_layout.dart
DA:11,11
DA:18,11
DA:19,11
DA:25,11
DA:27,11
DA:28,22
DA:31,11
DA:33,22
DA:34,11
DA:37,11
DA:39,11
DA:40,33
DA:42,11
DA:43,11
DA:44,17
DA:46,11
DA:48,0
DA:50,0
DA:53,0
DA:54,0
DA:57,0
DA:61,11
DA:62,11
DA:69,11
DA:70,11
DA:71,11
DA:72,11
DA:73,22
DA:76,11
DA:77,22
LF:30
LH:25
end_of_record
SF:lib/main.dart
DA:9,0
DA:11,0
DA:14,0
DA:16,0
DA:17,0
DA:18,0
DA:20,0
DA:28,14
DA:30,7
DA:32,7
DA:34,7
DA:35,7
LF:12
LH:5
end_of_record
SF:lib/presentation/widgets/recipe/detail/recipe_detail_view.dart
DA:9,3
DA:16,2
DA:18,2
DA:19,2
DA:20,6
DA:21,2
DA:23,3
DA:26,2
DA:28,2
DA:30,2
DA:32,4
DA:33,1
DA:34,1
DA:35,1
DA:36,1
DA:37,1
DA:38,2
DA:40,2
DA:41,1
DA:54,2
DA:57,2
DA:59,6
DA:61,2
DA:62,2
DA:65,6
DA:66,2
DA:67,6
DA:68,2
DA:70,2
DA:72,2
DA:79,2
DA:80,2
DA:81,2
DA:82,4
DA:83,3
DA:84,6
DA:93,2
DA:96,6
DA:97,2
DA:99,6
DA:102,2
DA:103,4
DA:104,6
LF:43
LH:43
end_of_record
SF:lib/presentation/views/dashboard/dashboard_screen.dart
DA:14,23
DA:16,13
DA:17,13
DA:21,13
DA:23,13
DA:27,26
DA:28,65
DA:33,13
DA:36,39
DA:39,13
DA:42,39
DA:45,24
DA:61,19
DA:62,3
DA:63,3
DA:64,3
DA:66,3
DA:69,9
DA:71,3
DA:72,0
DA:82,13
DA:87,13
DA:88,0
DA:89,0
DA:91,0
DA:94,0
DA:95,0
DA:96,0
DA:100,0
DA:101,0
DA:110,13
DA:112,13
DA:113,13
DA:115,13
DA:120,13
DA:121,13
DA:123,13
DA:128,13
DA:129,13
DA:130,13
DA:132,13
DA:133,13
DA:137,39
DA:143,13
DA:144,13
DA:146,13
DA:157,13
DA:159,13
DA:161,0
DA:162,0
DA:163,0
DA:165,0
DA:167,0
LF:53
LH:39
end_of_record
